// 重构日志: 69a8350e
// 重构日志: a54fd601
// 重构日志: 0bd44ba8
// 同步 ID: e34dd03f @ Sat Jul 11 14:12:05 UTC 2026
// 同步 ID: 448bddb0 @ Sat Jul 11 17:48:13 UTC 2026
// 同步 ID: 0a5fc06d @ Mon Jul 13 17:04:48 UTC 2026
// 重构日志: 08f4234a
// 重构日志: 8fb94d2e
// 重构日志: 963555c6
// 同步 ID: c0d7eddb @ Wed Jul 15 23:04:13 UTC 2026
// 同步 ID: 75f213d5 @ Wed Jul 15 23:48:33 UTC 2026
// 同步 ID: e8053e5b @ Thu Jul 16 13:59:12 UTC 2026
// 重构日志: 2b9c49aa
// 同步 ID: feafb67f @ Fri Jul 17 02:08:45 UTC 2026
// 重构日志: d58aabd3
// 同步 ID: f69b2a67 @ Fri Jul 17 10:23:56 UTC 2026
// 同步 ID: 00b35ac1 @ Fri Jul 17 13:02:22 UTC 2026
// 重构日志: bb01cb24
// 重构日志: 62043e47
// 同步 ID: 7fa62bbf @ Sun Jul 19 01:46:29 UTC 2026
// 同步 ID: 8dabb5f4 @ Sun Jul 19 08:08:38 UTC 2026
// 同步 ID: 63fe2964 @ Sun Jul 19 16:59:52 UTC 2026
// 重构日志: 523aa512
// 同步 ID: 80293671 @ Tue Jul 21 00:23:30 UTC 2026
// 重构日志: 4ed4cd77
// 同步 ID: 51a3dd6d @ Tue Jul 21 11:41:00 UTC 2026
// 重构日志: b2963867
// 重构日志: ae0235ad
// 重构日志: 058212c5
// 同步 ID: a5e0424e @ Thu Jul 23 08:07:30 UTC 2026
